<?xml version="1.0" encoding="UTF-8"?>
<testng-results ignored="0" total="1" passed="1" failed="0" skipped="0">
  <reporter-output>
  </reporter-output>
  <suite started-at="2022-04-25T18:07:36 IST" name="Default suite" finished-at="2022-04-25T18:08:28 IST" duration-ms="52429">
    <groups>
    </groups>
    <test started-at="2022-04-25T18:07:36 IST" name="Default test" finished-at="2022-04-25T18:08:28 IST" duration-ms="52429">
      <class name="Aspire.Basic_Test.Manufacture_order_creationTest">
        <test-method is-config="true" signature="driver_Intilize()[pri:0, instance:Aspire.Basic_Test.Manufacture_order_creationTest@6dc17b83]" started-at="2022-04-25T18:07:36 IST" name="driver_Intilize" finished-at="2022-04-25T18:07:37 IST" duration-ms="1278" status="PASS">
          <reporter-output>
          </reporter-output>
        </test-method> <!-- driver_Intilize -->
        <test-method signature="order_creation()[pri:0, instance:Aspire.Basic_Test.Manufacture_order_creationTest@6dc17b83]" started-at="2022-04-25T18:07:37 IST" name="order_creation" finished-at="2022-04-25T18:08:24 IST" duration-ms="46988" status="PASS">
          <reporter-output>
          </reporter-output>
        </test-method> <!-- order_creation -->
        <test-method is-config="true" signature="driver_close()[pri:0, instance:Aspire.Basic_Test.Manufacture_order_creationTest@6dc17b83]" started-at="2022-04-25T18:08:24 IST" name="driver_close" finished-at="2022-04-25T18:08:28 IST" duration-ms="4140" status="PASS">
          <reporter-output>
          </reporter-output>
        </test-method> <!-- driver_close -->
      </class> <!-- Aspire.Basic_Test.Manufacture_order_creationTest -->
    </test> <!-- Default test -->
  </suite> <!-- Default suite -->
</testng-results>
