<?xml version="1.0" encoding="UTF-8"?>
<testng-results ignored="0" total="1" passed="0" failed="1" skipped="0">
  <reporter-output>
  </reporter-output>
  <suite started-at="2022-04-25T17:46:31 IST" name="Default suite" finished-at="2022-04-25T17:46:50 IST" duration-ms="19343">
    <groups>
    </groups>
    <test started-at="2022-04-25T17:46:31 IST" name="Default test" finished-at="2022-04-25T17:46:50 IST" duration-ms="19343">
      <class name="Aspire.Basic_Test.Manufacture_order_creationTest">
        <test-method is-config="true" signature="driver_Intilize()[pri:0, instance:Aspire.Basic_Test.Manufacture_order_creationTest@6572421]" started-at="2022-04-25T17:46:31 IST" name="driver_Intilize" finished-at="2022-04-25T17:46:32 IST" duration-ms="1237" status="PASS">
          <reporter-output>
          </reporter-output>
        </test-method> <!-- driver_Intilize -->
        <test-method signature="order_creation()[pri:0, instance:Aspire.Basic_Test.Manufacture_order_creationTest@6572421]" started-at="2022-04-25T17:46:32 IST" name="order_creation" finished-at="2022-04-25T17:46:50 IST" duration-ms="18079" status="FAIL">
          <exception class="java.lang.Error">
            <message>
              <![CDATA[Unresolved compilation problems: 
Syntax error, insert ")" to complete Expression
Return type for the method is missing
]]>
            </message>
            <full-stacktrace>
              <![CDATA[java.lang.Error: Unresolved compilation problems: 
Syntax error, insert ")" to complete Expression
Return type for the method is missing

at Aspire.Basic_Test.Manufacturing_order_page.<init>(Manufacturing_order_page.java:23)
at Aspire.Basic_Test.Products.manufa_order_creation(Products.java:46)
at Aspire.Basic_Test.Manufacture_order_creationTest.order_creation(Manufacture_order_creationTest.java:41)
at java.base/jdk.internal.reflect.NativeMethodAccessorImpl.invoke0(Native Method)
at java.base/jdk.internal.reflect.NativeMethodAccessorImpl.invoke(NativeMethodAccessorImpl.java:77)
at java.base/jdk.internal.reflect.DelegatingMethodAccessorImpl.invoke(DelegatingMethodAccessorImpl.java:43)
at java.base/java.lang.reflect.Method.invoke(Method.java:568)
at org.testng.internal.invokers.MethodInvocationHelper.invokeMethod(MethodInvocationHelper.java:135)
at org.testng.internal.invokers.TestInvoker.invokeMethod(TestInvoker.java:673)
at org.testng.internal.invokers.TestInvoker.invokeTestMethod(TestInvoker.java:220)
at org.testng.internal.invokers.MethodRunner.runInSequence(MethodRunner.java:50)
at org.testng.internal.invokers.TestInvoker$MethodInvocationAgent.invoke(TestInvoker.java:945)
at org.testng.internal.invokers.TestInvoker.invokeTestMethods(TestInvoker.java:193)
at org.testng.internal.invokers.TestMethodWorker.invokeTestMethods(TestMethodWorker.java:146)
at org.testng.internal.invokers.TestMethodWorker.run(TestMethodWorker.java:128)
at java.base/java.util.ArrayList.forEach(ArrayList.java:1511)
at org.testng.TestRunner.privateRun(TestRunner.java:808)
at org.testng.TestRunner.run(TestRunner.java:603)
at org.testng.SuiteRunner.runTest(SuiteRunner.java:429)
at org.testng.SuiteRunner.runSequentially(SuiteRunner.java:423)
at org.testng.SuiteRunner.privateRun(SuiteRunner.java:383)
at org.testng.SuiteRunner.run(SuiteRunner.java:326)
at org.testng.SuiteRunnerWorker.runSuite(SuiteRunnerWorker.java:52)
at org.testng.SuiteRunnerWorker.run(SuiteRunnerWorker.java:95)
at org.testng.TestNG.runSuitesSequentially(TestNG.java:1249)
at org.testng.TestNG.runSuitesLocally(TestNG.java:1169)
at org.testng.TestNG.runSuites(TestNG.java:1092)
at org.testng.TestNG.run(TestNG.java:1060)
at org.testng.remote.AbstractRemoteTestNG.run(AbstractRemoteTestNG.java:115)
at org.testng.remote.RemoteTestNG.initAndRun(RemoteTestNG.java:251)
at org.testng.remote.RemoteTestNG.main(RemoteTestNG.java:77)
]]>
            </full-stacktrace>
          </exception> <!-- java.lang.Error -->
          <reporter-output>
          </reporter-output>
        </test-method> <!-- order_creation -->
      </class> <!-- Aspire.Basic_Test.Manufacture_order_creationTest -->
    </test> <!-- Default test -->
  </suite> <!-- Default suite -->
</testng-results>
